<?xml version="1.0" encoding="UTF-8"?>
<!-- Generated by org.testng.reporters.JUnitXMLReporter -->
<testsuite ignored="8" hostname="hp" failures="0" tests="12" name="Test" time="22.067" errors="0" timestamp="2024-10-15T16:26:26 IST">
  <testcase classname="test.SpiritTest" name="selectProduct" time="3.354"/>
  <testcase classname="test.SpiritTest" name="SortByHighPrice" time="2.752"/>
  <testcase classname="test.SpiritTest" name="SortByAlphabates" time="2.474"/>
  <testcase classname="test.AddToCartTest" name="SelectItem" time="6.953"/>
  <testcase classname="test.AddToCartTest" name="VerifyAddtoCart" time="0.125"/>
  <testcase classname="test.AddToCartTest" name="SearchOnCartPage" time="0.18"/>
  <testcase classname="test.BeerTest" name="BeerSearchTest" time="1.984"/>
  <testcase classname="test.BeerTest" name="ApplyTest" time="2.527"/>
  <testcase classname="test.BeerTest" name="MainSearch" time="0.125"/>
  <testcase classname="test.SearchTest" name="verifyTitle" time="0.016"/>
  <testcase classname="test.SearchTest" name="searchProducts" time="1.295"/>
  <testcase classname="test.SearchTest" name="valiidateSearchResults" time="0.105"/>
  <testcase classname="test.BaseTest" name="@BeforeSuite initBrowser" time="0.0">
    <ignored/>
  </testcase> <!-- @BeforeSuite initBrowser -->
  <testcase classname="test.BaseTest" name="@AfterSuite tearDown" time="0.0">
    <ignored/>
  </testcase> <!-- @AfterSuite tearDown -->
  <testcase classname="test.BaseTest" name="@AfterSuite tearDown" time="0.0">
    <ignored/>
  </testcase> <!-- @AfterSuite tearDown -->
  <testcase classname="test.BaseTest" name="@BeforeSuite initBrowser" time="0.0">
    <ignored/>
  </testcase> <!-- @BeforeSuite initBrowser -->
  <testcase classname="test.BaseTest" name="@BeforeSuite initBrowser" time="0.0">
    <ignored/>
  </testcase> <!-- @BeforeSuite initBrowser -->
  <testcase classname="test.BaseTest" name="@AfterSuite tearDown" time="0.0">
    <ignored/>
  </testcase> <!-- @AfterSuite tearDown -->
  <testcase classname="test.BaseTest" name="@BeforeSuite initBrowser" time="0.0">
    <ignored/>
  </testcase> <!-- @BeforeSuite initBrowser -->
  <testcase classname="test.BaseTest" name="@AfterSuite tearDown" time="0.0">
    <ignored/>
  </testcase> <!-- @AfterSuite tearDown -->
</testsuite> <!-- Test -->
