<?xml version="1.0" encoding="UTF-8"?>
<testsuite xmlns:xsi="http://www.w3.org/2001/XMLSchema-instance" xsi:noNamespaceSchemaLocation="https://maven.apache.org/surefire/maven-surefire-plugin/xsd/surefire-test-report.xsd" name="TestSuite" time="38.613" tests="12" errors="0" skipped="0" failures="0">
  <properties>
[...]
</properties>
  <testcase name="selectProduct" classname="test.SpiritTest" time="3.365"/>
  <testcase name="SortByHighPrice" classname="test.SpiritTest" time="2.752"/>
  <testcase name="SortByAlphabates" classname="test.SpiritTest" time="2.474"/>
  <testcase name="SelectItem" classname="test.AddToCartTest" time="6.957"/>
  <testcase name="VerifyAddtoCart" classname="test.AddToCartTest" time="0.125"/>
  <testcase name="SearchOnCartPage" classname="test.AddToCartTest" time="0.18"/>
  <testcase name="BeerSearchTest" classname="test.BeerTest" time="1.984"/>
  <testcase name="ApplyTest" classname="test.BeerTest" time="2.528"/>
  <testcase name="MainSearch" classname="test.BeerTest" time="0.126"/>
  <testcase name="verifyTitle" classname="test.SearchTest" time="0.018"/>
  <testcase name="searchProducts" classname="test.SearchTest" time="1.295"/>
  <testcase name="valiidateSearchResults" classname="test.SearchTest" time="0.105"/>
</testsuite>